[INFO ] 2022-03-23 16:09:38.725 [main] Hooks - Launching chrome browser
[ERROR] 2022-03-23 16:09:38.732 [main] Hooks - Launching wrong browser
[INFO ] 2022-03-23 16:27:19.933 [main] Hooks - Launching chrome browser
[WARN ] 2022-03-23 16:27:19.942 [main] Hooks - Hey this just a warning message
[FATAL] 2022-03-23 16:27:19.943 [main] Hooks - hey this is just fatal error message
[DEBUG] 2022-03-23 16:27:19.943 [main] Hooks - this is debug message
[INFO ] 2022-03-23 16:27:33.758 [main] StepDefintionForPortalLoginPage - User is on the portal page
[INFO ] 2022-03-23 16:27:42.209 [main] StepDefintionForPortalLoginPage - User got logged in
[INFO ] 2022-03-25 12:07:47.044 [main] Hooks - Launching chrome browser
[WARN ] 2022-03-25 12:07:47.048 [main] Hooks - Hey this just a warning message
[FATAL] 2022-03-25 12:07:47.048 [main] Hooks - hey this is just fatal error message
[DEBUG] 2022-03-25 12:07:47.048 [main] Hooks - this is debug message
[INFO ] 2022-03-28 11:16:01.086 [main] Hooks - Launching chrome browser
[WARN ] 2022-03-28 11:16:01.106 [main] Hooks - Hey this just a warning message
[FATAL] 2022-03-28 11:16:01.107 [main] Hooks - hey this is just fatal error message
[DEBUG] 2022-03-28 11:16:01.108 [main] Hooks - this is debug message
[INFO ] 2022-03-28 11:16:13.142 [main] StepDefintionForPortalLoginPage - User is on the portal page
[INFO ] 2022-03-28 11:16:21.655 [main] StepDefintionForPortalLoginPage - User got logged in
[INFO ] 2022-03-28 11:20:22.820 [main] Hooks - Closing the browser
[INFO ] 2022-03-28 11:24:43.586 [main] Hooks - Launching chrome browser
[WARN ] 2022-03-28 11:24:43.594 [main] Hooks - Hey this just a warning message
[FATAL] 2022-03-28 11:24:43.595 [main] Hooks - hey this is just fatal error message
[DEBUG] 2022-03-28 11:24:43.595 [main] Hooks - this is debug message
[INFO ] 2022-03-28 11:29:54.703 [main] Hooks - Launching chrome browser
[WARN ] 2022-03-28 11:29:54.749 [main] Hooks - Hey this just a warning message
[FATAL] 2022-03-28 11:29:54.749 [main] Hooks - hey this is just fatal error message
[DEBUG] 2022-03-28 11:29:54.749 [main] Hooks - this is debug message
[INFO ] 2022-03-28 11:30:07.867 [main] StepDefintionForPortalLoginPage - User is on the portal page
[INFO ] 2022-03-28 11:30:16.369 [main] StepDefintionForPortalLoginPage - User got logged in
[INFO ] 2022-03-28 11:34:14.026 [main] Hooks - Closing the browser
[INFO ] 2022-03-28 11:46:34.103 [main] Hooks - Launching chrome browser
[WARN ] 2022-03-28 11:46:34.119 [main] Hooks - Hey this just a warning message
[FATAL] 2022-03-28 11:46:34.121 [main] Hooks - hey this is just fatal error message
[DEBUG] 2022-03-28 11:46:34.121 [main] Hooks - this is debug message
[INFO ] 2022-03-28 11:46:45.796 [main] StepDefintionForPortalLoginPage - User is on the portal page
[INFO ] 2022-03-28 11:46:54.253 [main] StepDefintionForPortalLoginPage - User got logged in
[INFO ] 2022-03-28 11:50:53.872 [main] Hooks - Closing the browser
[INFO ] 2022-03-28 12:02:32.205 [main] Hooks - Launching chrome browser
[WARN ] 2022-03-28 12:02:32.217 [main] Hooks - Hey this just a warning message
[FATAL] 2022-03-28 12:02:32.217 [main] Hooks - hey this is just fatal error message
[DEBUG] 2022-03-28 12:02:32.218 [main] Hooks - this is debug message
[INFO ] 2022-03-28 12:02:47.246 [main] StepDefintionForPortalLoginPage - User is on the portal page
[INFO ] 2022-03-28 12:02:55.773 [main] StepDefintionForPortalLoginPage - User got logged in
[INFO ] 2022-03-28 12:06:57.461 [main] Hooks - Closing the browser
[INFO ] 2022-03-28 12:59:08.478 [main] Hooks - Launching chrome browser
[WARN ] 2022-03-28 12:59:08.485 [main] Hooks - Hey this just a warning message
[FATAL] 2022-03-28 12:59:08.486 [main] Hooks - hey this is just fatal error message
[DEBUG] 2022-03-28 12:59:08.486 [main] Hooks - this is debug message
[INFO ] 2022-03-28 12:59:20.579 [main] StepDefintionForPortalLoginPage - User is on the portal page
[INFO ] 2022-03-28 12:59:29.160 [main] StepDefintionForPortalLoginPage - User got logged in
[INFO ] 2022-03-28 13:01:40.569 [main] Hooks - Closing the browser
[INFO ] 2022-03-28 13:25:33.269 [main] Hooks - Launching chrome browser
[WARN ] 2022-03-28 13:25:33.279 [main] Hooks - Hey this just a warning message
[FATAL] 2022-03-28 13:25:33.280 [main] Hooks - hey this is just fatal error message
[DEBUG] 2022-03-28 13:25:33.280 [main] Hooks - this is debug message
[INFO ] 2022-03-28 13:25:45.247 [main] StepDefintionForPortalLoginPage - User is on the portal page
[INFO ] 2022-03-28 13:25:53.752 [main] StepDefintionForPortalLoginPage - User got logged in
[INFO ] 2022-03-28 13:26:39.179 [main] Hooks - Closing the browser
[INFO ] 2022-03-28 13:39:53.722 [main] Hooks - Launching chrome browser
[WARN ] 2022-03-28 13:39:53.729 [main] Hooks - Hey this just a warning message
[FATAL] 2022-03-28 13:39:53.729 [main] Hooks - hey this is just fatal error message
[DEBUG] 2022-03-28 13:39:53.730 [main] Hooks - this is debug message
[INFO ] 2022-03-28 13:40:06.507 [main] StepDefintionForPortalLoginPage - User is on the portal page
[INFO ] 2022-03-28 13:40:15.058 [main] StepDefintionForPortalLoginPage - User got logged in
[INFO ] 2022-03-28 13:44:15.216 [main] Hooks - Closing the browser
[INFO ] 2022-03-28 14:02:31.743 [main] Hooks - Launching chrome browser
[WARN ] 2022-03-28 14:02:31.758 [main] Hooks - Hey this just a warning message
[FATAL] 2022-03-28 14:02:31.758 [main] Hooks - hey this is just fatal error message
[DEBUG] 2022-03-28 14:02:31.758 [main] Hooks - this is debug message
[INFO ] 2022-03-28 14:02:41.811 [main] StepDefintionForPortalLoginPage - User is on the portal page
[INFO ] 2022-03-28 14:03:17.917 [main] Hooks - Launching chrome browser
[WARN ] 2022-03-28 14:03:17.932 [main] Hooks - Hey this just a warning message
[FATAL] 2022-03-28 14:03:17.932 [main] Hooks - hey this is just fatal error message
[DEBUG] 2022-03-28 14:03:17.932 [main] Hooks - this is debug message
[INFO ] 2022-03-28 14:03:28.998 [main] StepDefintionForPortalLoginPage - User is on the portal page
[INFO ] 2022-03-28 14:03:37.486 [main] StepDefintionForPortalLoginPage - User got logged in
[INFO ] 2022-03-28 14:05:32.230 [main] Hooks - Closing the browser
[INFO ] 2022-03-28 14:10:36.200 [main] Hooks - Launching chrome browser
[WARN ] 2022-03-28 14:10:36.207 [main] Hooks - Hey this just a warning message
[FATAL] 2022-03-28 14:10:36.207 [main] Hooks - hey this is just fatal error message
[DEBUG] 2022-03-28 14:10:36.207 [main] Hooks - this is debug message
[INFO ] 2022-03-28 14:10:51.396 [main] StepDefintionForPortalLoginPage - User is on the portal page
[INFO ] 2022-03-28 14:10:59.933 [main] StepDefintionForPortalLoginPage - User got logged in
[INFO ] 2022-03-28 14:15:03.029 [main] Hooks - Closing the browser
